C51 COMPILER V9.53.0.0   LONG_SERIAL_IN                                                    12/17/2015 20:55:29 PAGE 1   


C51 COMPILER V9.53.0.0, COMPILATION OF MODULE LONG_SERIAL_IN
OBJECT MODULE PLACED IN Long_Serial_In.OBJ
COMPILER INVOKED BY: C:\Keil_v5\C51\BIN\C51.EXE Long_Serial_In.c OPTIMIZE(8,SPEED) BROWSE DEBUG OBJECTEXTEND TABS(2)

line level    source

   1          //***********************************      Long_Serial_In.c      ***********************************//
   2          
   3          
   4          #include <stdio.h>
   5          #include "Main.h"
   6          #include "Long_Serial_In.h"
   7          #include <stdlib.h>
   8          
   9          
  10          /***********************************************************************
  11          DESC:    Waits for user input of a long integer as ASCII characters
  12                  
  13          INPUT: Nothing
  14          RETURNS: unsigned long
  15          CAUTION: UART must be initialized first
  16          ************************************************************************/
  17          
  18          uint32_t long_serial_input(void)
  19          {
  20   1         uint8_t index,input,input_values[11];   
  21   1         uint32_t output_value;
  22   1            for(index=0;index<11;index++)
  23   1            {
  24   2              input_values[index]=0;
  25   2            }
  26   1            output_value=0xffffffff;
  27   1            index=0;
  28   1            do
  29   1            {
  30   2               input=getchar();
  31   2               if((input>=0x30)&&(input<=0x39))
  32   2               {
  33   3                 input_values[index]=input;
  34   3                 index++;
  35   3               }
  36   2               else if ((input==BS)||(input==DEL))  // Putty uses DEL (127) or BS (0x08) for backspace
  37   2               {
  38   3                 index--;
  39   3                 input_values[index]=0;
  40   3                 putchar(space);
  41   3                 putchar(BS);
  42   3               }
  43   2               else if ((input==CR)||(input==LF))
  44   2               {
  45   3                  output_value=atol(input_values);
  46   3                  putchar(CR);
  47   3            putchar(LF);
  48   3               }
  49   2               else
  50   2               {
  51   3                 putchar(BS);
  52   3                 putchar(space);
  53   3                 putchar(BS);
  54   3               }
  55   2               if(index==10)
C51 COMPILER V9.53.0.0   LONG_SERIAL_IN                                                    12/17/2015 20:55:29 PAGE 2   

  56   2               {
  57   3                  output_value=atol(input_values);
  58   3                  putchar(CR);
  59   3            putchar(LF);
  60   3               }
  61   2            }while(output_value==0xffffffff);
  62   1      
  63   1      return output_value;
  64   1      }


MODULE INFORMATION:   STATIC OVERLAYABLE
   CODE SIZE        =    198    ----
   CONSTANT SIZE    =   ----    ----
   XDATA SIZE       =   ----    ----
   PDATA SIZE       =   ----    ----
   DATA SIZE        =   ----      17
   IDATA SIZE       =   ----    ----
   BIT SIZE         =   ----    ----
END OF MODULE INFORMATION.


C51 COMPILATION COMPLETE.  0 WARNING(S),  0 ERROR(S)
