C51 COMPILER V9.53.0.0   PRINT_BYTES                                                       12/17/2015 21:01:32 PAGE 1   


C51 COMPILER V9.53.0.0, COMPILATION OF MODULE PRINT_BYTES
OBJECT MODULE PLACED IN print_bytes.OBJ
COMPILER INVOKED BY: C:\Keil_v5\C51\BIN\C51.EXE print_bytes.c OPTIMIZE(8,SPEED) BROWSE DEBUG OBJECTEXTEND TABS(2)

line level    source

   1          //***********************************      Print_Bytes.c      ***********************************//
   2          
   3          
   4          #include <stdio.h>
   5          #include "Main.h"
   6          #include "Print_Bytes.h"
   7          
   8          
   9          
  10          
  11          
  12          
  13          /***********************************************************************
  14          DESC:    Prints 8 bytes in Hexadecimal and then ASCII
  15          INPUT: Pointer to an array of eight bytes
  16          RETURNS: nothing
  17          CAUTION: 
  18          ************************************************************************/
  19          //void print_16bytes(uint8_t * array_in)
  20          //{
  21          //   uint8_t * input;
  22          //   uint8_t index, dat;
  23          //   input = array_in;
  24          //   printf("%p ",input);
  25          //   for (index=0;index<16;index++)
  26          //   {
  27          //      dat=*(input+index);
  28          //      printf("%2.2bX ",dat);
  29          //   }
  30          //   for (index=0;index<16;index++)
  31          //   { 
  32          //      dat=*(input+index);
  33          //      if (dat<32 || dat>127) dat=46;
  34          //      putchar(dat);
  35          //   }
  36          //   putchar(CR);
  37          //   putchar(LF);
  38          //}
  39          
  40          
  41          /***********************************************************************
  42          DESC: Prints an array from memory in Hexadecimal and then ASCII
  43          INPUT: Pointer to an array, number of bytes to print
  44          RETURNS: nothing
  45          CAUTION: 
  46          ************************************************************************/
  47          //void print_memory(uint16_t number_of_bytes, uint8_t * array_in)
  48          //{
  49          //   uint8_t * input;
  50          //   uint16_t i;
  51          //   input = array_in;
  52          //   i = (uint16_t) input;
  53          //   i &= 0x000f;
  54          //   input = input - i;
  55          //   printf("Addr.   0  1  2  3  4  5  6  7  8  9  A  B  C  D  E  F\n\r");
C51 COMPILER V9.53.0.0   PRINT_BYTES                                                       12/17/2015 21:01:32 PAGE 2   

  56          //   do
  57          //   {
  58          //      print_16bytes(input);
  59          //      input+=16;
  60          //   }while(input<(array_in+number_of_bytes));
  61          //}
  62              


MODULE INFORMATION:   STATIC OVERLAYABLE
   CODE SIZE        =   ----    ----
   CONSTANT SIZE    =   ----    ----
   XDATA SIZE       =   ----    ----
   PDATA SIZE       =   ----    ----
   DATA SIZE        =   ----    ----
   IDATA SIZE       =   ----    ----
   BIT SIZE         =   ----    ----
END OF MODULE INFORMATION.


C51 COMPILATION COMPLETE.  0 WARNING(S),  0 ERROR(S)
