C51 COMPILER V9.53.0.0   UART                                                              12/17/2015 21:01:32 PAGE 1   


C51 COMPILER V9.53.0.0, COMPILATION OF MODULE UART
OBJECT MODULE PLACED IN UART.OBJ
COMPILER INVOKED BY: C:\Keil_v5\C51\BIN\C51.EXE UART.c OPTIMIZE(8,SPEED) BROWSE DEBUG OBJECTEXTEND TABS(2)

line level    source

   1          //***********************************      UART.c      ***********************************//
   2          
   3          
   4          #include <stdio.h>
   5          #include "Main.h"
   6          #include "UART.h"
   7          
   8          
   9          /***********************************************************************
  10          DESC:    Initializes UART for mode 1
  11                   Baudrate: 9600
  12          INPUT: Nothing
  13          RETURNS: Nothing
  14          CAUTION: Uses Baudrate Generator instead of a standard timer
  15          ************************************************************************/
  16          void uart_init(void)
  17          {
  18   1        
  19   1        // configure UART
  20   1        // set or clear SMOD0
  21   1        PCON |= (SMOD1 << 7);
  22   1        PCON &= ~((~(SMOD1) <<7) | 0x40);
  23   1        SCON = UART_MODE1|RECEIVE_ENABLE;
  24   1      
  25   1        // Initialize Baud Rate Generator
  26   1        BDRCON=0;   //Stops and disables Baud Rate Gen.
  27   1        BRL= BAUD_RATE_RELOAD;
  28   1        BDRCON= (0x1C | (SPD << 1));  // Enables Baud Rate Gen. for RxD and TxD
  29   1      
  30   1        // initially not busy
  31   1      
  32   1        TI=1;
  33   1      
  34   1        // serial interrupt is disabled
  35   1        ES=0;
  36   1      
  37   1      
  38   1      } // uart_init
  39          
  40          
  41          


MODULE INFORMATION:   STATIC OVERLAYABLE
   CODE SIZE        =     20    ----
   CONSTANT SIZE    =   ----    ----
   XDATA SIZE       =   ----    ----
   PDATA SIZE       =   ----    ----
   DATA SIZE        =   ----    ----
   IDATA SIZE       =   ----    ----
   BIT SIZE         =   ----    ----
END OF MODULE INFORMATION.


C51 COMPILATION COMPLETE.  0 WARNING(S),  0 ERROR(S)
